2021-06-23 13:05:21 INFO::Writing function arguments to log file
2021-06-23 13:05:21 DEBUG::Function arguments
2021-06-23 13:05:21 DEBUG::Output folder: gtdb_family_diff_abund_baseline_treatment
2021-06-23 13:05:21 DEBUG::Min Abundance: 0.000000
2021-06-23 13:05:21 DEBUG::Min Prevalence: 0.000000
2021-06-23 13:05:21 DEBUG::Normalization: TSS
2021-06-23 13:05:21 DEBUG::Transform: LOG
2021-06-23 13:05:21 DEBUG::Analysis method: LM
2021-06-23 13:05:21 DEBUG::Max significance: 0.200000
2021-06-23 13:05:21 DEBUG::Random effects: Patient
2021-06-23 13:05:21 DEBUG::Fixed effects: Timepoint
2021-06-23 13:05:21 DEBUG::Correction method: BH
2021-06-23 13:05:21 DEBUG::Standardize: FALSE
2021-06-23 13:05:21 DEBUG::Cores: 2
2021-06-23 13:05:21 INFO::Verifying options selected are valid
2021-06-23 13:05:21 INFO::Determining format of input files
2021-06-23 13:05:21 INFO::Input format is data samples as rows and metadata samples as rows
2021-06-23 13:05:21 DEBUG::The following samples were found to have metadata but no features. They will be removed. 3218_V6_D29
2021-06-23 13:05:21 DEBUG::A total of 11 samples were found in both the data and metadata
2021-06-23 13:05:21 DEBUG::Reordering data/metadata to use same sample ordering
2021-06-23 13:05:21 INFO::Formula for random effects: expr ~ (1 | Patient)
2021-06-23 13:05:21 INFO::Formula for fixed effects: expr ~  Timepoint
2021-06-23 13:05:21 INFO::Filter data based on min abundance and min prevalence
2021-06-23 13:05:21 INFO::Total samples in data: 11
2021-06-23 13:05:21 INFO::Min samples required with min abundance for a feature not to be filtered: 0.000000
2021-06-23 13:05:21 INFO::Total filtered features: 0
2021-06-23 13:05:21 INFO::Filtered feature names from abundance and prevalence filtering:
2021-06-23 13:05:21 INFO::Running selected normalization method: TSS
2021-06-23 13:05:21 INFO::Total filtered features with variance filtering: 0
2021-06-23 13:05:21 INFO::Filtered feature names from variance filtering:
2021-06-23 13:05:21 INFO::Bypass z-score application to metadata
2021-06-23 13:05:21 INFO::Running selected transform method: LOG
2021-06-23 13:05:21 INFO::Running selected analysis method: LM
2021-06-23 13:05:21 INFO::Creating cluster of 2 R processes
2021-06-23 13:05:25 INFO::Counting total values for each feature
2021-06-23 13:05:25 WARNING::Deleting existing residuals file: gtdb_family_diff_abund_baseline_treatment/residuals.rds
2021-06-23 13:05:25 INFO::Writing residuals to file gtdb_family_diff_abund_baseline_treatment/residuals.rds
2021-06-23 13:05:25 INFO::Writing all results to file (ordered by increasing q-values): gtdb_family_diff_abund_baseline_treatment/all_results.tsv
2021-06-23 13:05:25 INFO::Writing the significant results (those which are less than or equal to the threshold of 0.200000 ) to file (ordered by increasing q-values): gtdb_family_diff_abund_baseline_treatment/significant_results.tsv
2021-06-23 13:05:25 INFO::Writing heatmap of significant results to file: gtdb_family_diff_abund_baseline_treatment/heatmap.pdf
2021-06-23 13:05:25 INFO::Writing association plots (one for each significant association) to output folder: gtdb_family_diff_abund_baseline_treatment
