2022-01-17 11:55:38 INFO::Writing function arguments to log file
2022-01-17 11:55:38 DEBUG::Function arguments
2022-01-17 11:55:38 DEBUG::Output folder: output_files/ncbi_family_diff_abund_baseline_treatment
2022-01-17 11:55:38 DEBUG::Min Abundance: 0.000000
2022-01-17 11:55:38 DEBUG::Min Prevalence: 0.000000
2022-01-17 11:55:38 DEBUG::Normalization: TSS
2022-01-17 11:55:38 DEBUG::Transform: LOG
2022-01-17 11:55:38 DEBUG::Analysis method: LM
2022-01-17 11:55:38 DEBUG::Max significance: 0.200000
2022-01-17 11:55:38 DEBUG::Random effects: Patient
2022-01-17 11:55:38 DEBUG::Fixed effects: Timepoint
2022-01-17 11:55:38 DEBUG::Correction method: BH
2022-01-17 11:55:38 DEBUG::Standardize: FALSE
2022-01-17 11:55:38 DEBUG::Cores: 2
2022-01-17 11:55:38 INFO::Verifying options selected are valid
2022-01-17 11:55:38 INFO::Determining format of input files
2022-01-17 11:55:38 INFO::Input format is data samples as rows and metadata samples as rows
2022-01-17 11:55:38 DEBUG::The following samples were found to have metadata but no features. They will be removed. 3218_V6_D29
2022-01-17 11:55:38 DEBUG::A total of 11 samples were found in both the data and metadata
2022-01-17 11:55:38 DEBUG::Reordering data/metadata to use same sample ordering
2022-01-17 11:55:38 INFO::Formula for random effects: expr ~ (1 | Patient)
2022-01-17 11:55:38 INFO::Formula for fixed effects: expr ~  Timepoint
2022-01-17 11:55:38 INFO::Filter data based on min abundance and min prevalence
2022-01-17 11:55:38 INFO::Total samples in data: 11
2022-01-17 11:55:38 INFO::Min samples required with min abundance for a feature not to be filtered: 0.000000
2022-01-17 11:55:38 INFO::Total filtered features: 54
2022-01-17 11:55:38 INFO::Filtered feature names from abundance and prevalence filtering:
2022-01-17 11:55:38 INFO::Running selected normalization method: TSS
2022-01-17 11:55:38 INFO::Total filtered features with variance filtering: 0
2022-01-17 11:55:38 INFO::Filtered feature names from variance filtering:
2022-01-17 11:55:38 INFO::Bypass z-score application to metadata
2022-01-17 11:55:38 INFO::Running selected transform method: LOG
2022-01-17 11:55:38 INFO::Running selected analysis method: LM
2022-01-17 11:55:38 INFO::Creating cluster of 2 R processes
2022-01-17 11:55:41 INFO::Counting total values for each feature
2022-01-17 11:55:41 INFO::Writing residuals to file output_files/ncbi_family_diff_abund_baseline_treatment/residuals.rds
2022-01-17 11:55:41 INFO::Writing all results to file (ordered by increasing q-values): output_files/ncbi_family_diff_abund_baseline_treatment/all_results.tsv
2022-01-17 11:55:41 INFO::Writing the significant results (those which are less than or equal to the threshold of 0.200000 ) to file (ordered by increasing q-values): output_files/ncbi_family_diff_abund_baseline_treatment/significant_results.tsv
2022-01-17 11:55:41 INFO::Writing heatmap of significant results to file: output_files/ncbi_family_diff_abund_baseline_treatment/heatmap.pdf
2022-01-17 11:55:41 INFO::Writing association plots (one for each significant association) to output folder: output_files/ncbi_family_diff_abund_baseline_treatment
