2021-05-20 17:37:22 INFO::Writing function arguments to log file
2021-05-20 17:37:22 DEBUG::Function arguments
2021-05-20 17:37:22 DEBUG::Output folder: v3_v4_family_diff_abund_baseline_treatment
2021-05-20 17:37:22 DEBUG::Min Abundance: 0.000000
2021-05-20 17:37:22 DEBUG::Min Prevalence: 0.000000
2021-05-20 17:37:22 DEBUG::Normalization: TSS
2021-05-20 17:37:22 DEBUG::Transform: LOG
2021-05-20 17:37:22 DEBUG::Analysis method: LM
2021-05-20 17:37:22 DEBUG::Max significance: 0.200000
2021-05-20 17:37:22 DEBUG::Random effects: Patient
2021-05-20 17:37:22 DEBUG::Fixed effects: Timepoint
2021-05-20 17:37:22 DEBUG::Correction method: BH
2021-05-20 17:37:22 DEBUG::Standardize: FALSE
2021-05-20 17:37:22 DEBUG::Cores: 2
2021-05-20 17:37:22 INFO::Verifying options selected are valid
2021-05-20 17:37:22 INFO::Determining format of input files
2021-05-20 17:37:22 INFO::Input format is data samples as rows and metadata samples as rows
2021-05-20 17:37:22 DEBUG::A total of 12 samples were found in both the data and metadata
2021-05-20 17:37:22 DEBUG::Reordering data/metadata to use same sample ordering
2021-05-20 17:37:22 INFO::Formula for random effects: expr ~ (1 | Patient)
2021-05-20 17:37:22 INFO::Formula for fixed effects: expr ~  Timepoint
2021-05-20 17:37:22 INFO::Filter data based on min abundance and min prevalence
2021-05-20 17:37:22 INFO::Total samples in data: 12
2021-05-20 17:37:22 INFO::Min samples required with min abundance for a feature not to be filtered: 0.000000
2021-05-20 17:37:22 INFO::Total filtered features: 0
2021-05-20 17:37:22 INFO::Filtered feature names from abundance and prevalence filtering:
2021-05-20 17:37:22 INFO::Running selected normalization method: TSS
2021-05-20 17:37:22 INFO::Total filtered features with variance filtering: 0
2021-05-20 17:37:22 INFO::Filtered feature names from variance filtering:
2021-05-20 17:37:22 INFO::Bypass z-score application to metadata
2021-05-20 17:37:22 INFO::Running selected transform method: LOG
2021-05-20 17:37:22 INFO::Running selected analysis method: LM
2021-05-20 17:37:22 INFO::Creating cluster of 2 R processes
2021-05-20 17:37:25 INFO::Counting total values for each feature
2021-05-20 17:37:25 WARNING::Deleting existing residuals file: v3_v4_family_diff_abund_baseline_treatment/residuals.rds
2021-05-20 17:37:25 INFO::Writing residuals to file v3_v4_family_diff_abund_baseline_treatment/residuals.rds
2021-05-20 17:37:25 INFO::Writing all results to file (ordered by increasing q-values): v3_v4_family_diff_abund_baseline_treatment/all_results.tsv
2021-05-20 17:37:25 INFO::Writing the significant results (those which are less than or equal to the threshold of 0.200000 ) to file (ordered by increasing q-values): v3_v4_family_diff_abund_baseline_treatment/significant_results.tsv
2021-05-20 17:37:25 INFO::Writing heatmap of significant results to file: v3_v4_family_diff_abund_baseline_treatment/heatmap.pdf
2021-05-20 17:37:25 INFO::Writing association plots (one for each significant association) to output folder: v3_v4_family_diff_abund_baseline_treatment
